<?xml version="1.0" encoding="UTF-8"?>
<testsuite xmlns:xsi="http://www.w3.org/2001/XMLSchema-instance" xsi:noNamespaceSchemaLocation="https://maven.apache.org/surefire/maven-surefire-plugin/xsd/surefire-test-report-3.0.xsd" version="3.0" name="org.anbonifacio.try_monad.TryTest" time="0.297" tests="71" errors="0" skipped="0" failures="0">
  <properties>
[...]
</properties>
  <testcase name="differentSuccessShouldNotBeEqual" classname="org.anbonifacio.try_monad.TryTest" time="0.134"/>
  <testcase name="recoverWithOnFailureShouldReturnSuccessIfRecoverySucceeds" classname="org.anbonifacio.try_monad.TryTest" time="0.003"/>
  <testcase name="differentSuccessShouldHaveDifferentHash" classname="org.anbonifacio.try_monad.TryTest" time="0.002"/>
  <testcase name="shouldBeEmptyOnGetSuccess" classname="org.anbonifacio.try_monad.TryTest" time="0.002"/>
  <testcase name="shouldThrowNullPointerExceptionWhenCallingTryOfNullSupplier" classname="org.anbonifacio.try_monad.TryTest" time="0.005"/>
  <testcase name="shouldCreateFailureWhenCallingTryOfSupplier" classname="org.anbonifacio.try_monad.TryTest" time="0.001"/>
  <testcase name="recoverOnFailureShouldReturnFailureIfRecoveryFails" classname="org.anbonifacio.try_monad.TryTest" time="0.001"/>
  <testcase name="flatMapOnSuccessShouldShouldReturnFailureIfApplyingTheMappingFunctionFails" classname="org.anbonifacio.try_monad.TryTest" time="0.001"/>
  <testcase name="OrElseOnOnFailureShouldReturnNewFailureIfTheGivenTryFails" classname="org.anbonifacio.try_monad.TryTest" time="0"/>
  <testcase name="sameFailureTypeWithDifferentExceptionObjectsShouldNotBeEqual" classname="org.anbonifacio.try_monad.TryTest" time="0.001"/>
  <testcase name="getOrElseOnFailureShouldReturnGivenValue" classname="org.anbonifacio.try_monad.TryTest" time="0"/>
  <testcase name="recoverOnFailureShouldReturnSuccessIfRecoverySucceeds" classname="org.anbonifacio.try_monad.TryTest" time="0"/>
  <testcase name="getOrElseOnFailureShouldReturnExpressionResult" classname="org.anbonifacio.try_monad.TryTest" time="0"/>
  <testcase name="shouldThrowNullPointerExceptionWhenCallingTryOfCallable" classname="org.anbonifacio.try_monad.TryTest" time="0.001"/>
  <testcase name="filterOnFailureShouldJustReturnTheFailure" classname="org.anbonifacio.try_monad.TryTest" time="0.001"/>
  <testcase name="shouldReturnAlternativeOnOrElseSupplierIfFailure" classname="org.anbonifacio.try_monad.TryTest" time="0.001"/>
  <testcase name="shouldNotBeEmptyOnGetSuccess" classname="org.anbonifacio.try_monad.TryTest" time="0.001"/>
  <testcase name="sameSuccessShouldBeEqual" classname="org.anbonifacio.try_monad.TryTest" time="0"/>
  <testcase name="failureAndSuccessShouldNotBeEqual" classname="org.anbonifacio.try_monad.TryTest" time="0"/>
  <testcase name="shouldReturnAlternateValueIfFailure" classname="org.anbonifacio.try_monad.TryTest" time="0.005"/>
  <testcase name="shouldReturnSelfOnOrElseIfSuccess" classname="org.anbonifacio.try_monad.TryTest" time="0.001"/>
  <testcase name="failureAndSuccessShouldNotHaveSameHash" classname="org.anbonifacio.try_monad.TryTest" time="0.001"/>
  <testcase name="shouldCreateSuccessWhenCallingTryRunCheckedRunnable" classname="org.anbonifacio.try_monad.TryTest" time="0.001"/>
  <testcase name="shouldReturnAlternativeOnOrElseIfFailure" classname="org.anbonifacio.try_monad.TryTest" time="0.001"/>
  <testcase name="sameFailureObjectShouldHaveSameHash" classname="org.anbonifacio.try_monad.TryTest" time="0"/>
  <testcase name="shouldCreateSuccessWhenCallingTryOfSupplier" classname="org.anbonifacio.try_monad.TryTest" time="0.001"/>
  <testcase name="shouldCreateFailureWhenCallingTryRunCheckedRunnable" classname="org.anbonifacio.try_monad.TryTest" time="0"/>
  <testcase name="shouldReturnStringForSuccess" classname="org.anbonifacio.try_monad.TryTest" time="0.003"/>
  <testcase name="shouldCreateFailureWhenCallingTryOfCallable" classname="org.anbonifacio.try_monad.TryTest" time="0"/>
  <testcase name="isFailureOnFailureShouldBeTrue" classname="org.anbonifacio.try_monad.TryTest" time="0"/>
  <testcase name="shouldExecuteAndFinallyOnSuccess" classname="org.anbonifacio.try_monad.TryTest" time="0"/>
  <testcase name="flatMapOnSuccessShouldReturnFailureIfTheMappingFunctionFails" classname="org.anbonifacio.try_monad.TryTest" time="0"/>
  <testcase name="mapOnSuccessShouldReturnSuccess" classname="org.anbonifacio.try_monad.TryTest" time="0"/>
  <testcase name="shouldReturnFailedStageOnFailure" classname="org.anbonifacio.try_monad.TryTest" time="0.006"/>
  <testcase name="sameFailureTypeWithDifferentExceptionObjectsShouldHaveDifferentHash" classname="org.anbonifacio.try_monad.TryTest" time="0.001"/>
  <testcase name="getOrElseOnOnSuccessShouldReturnExpressionResult" classname="org.anbonifacio.try_monad.TryTest" time="0"/>
  <testcase name="recoverWithOnSuccessShouldJustReturnSuccess" classname="org.anbonifacio.try_monad.TryTest" time="0"/>
  <testcase name="getOnSuccessShouldReturnTheExpressionResult" classname="org.anbonifacio.try_monad.TryTest" time="0"/>
  <testcase name="filterOnSuccessShouldReturnSuccessIfPredicateIsSatisfied" classname="org.anbonifacio.try_monad.TryTest" time="0.001"/>
  <testcase name="getFailureOnFailureShouldReturnOptionalOfException" classname="org.anbonifacio.try_monad.TryTest" time="0.001"/>
  <testcase name="shouldThrowIfFatalError(Error)[1]" classname="org.anbonifacio.try_monad.TryTest" time="0.019"/>
  <testcase name="shouldThrowIfFatalError(Error)[2]" classname="org.anbonifacio.try_monad.TryTest" time="0"/>
  <testcase name="shouldThrowIfFatalError(Error)[3]" classname="org.anbonifacio.try_monad.TryTest" time="0.001"/>
  <testcase name="shouldThrowIfFatalError(Error)[4]" classname="org.anbonifacio.try_monad.TryTest" time="0"/>
  <testcase name="shouldReturnStringForFailure" classname="org.anbonifacio.try_monad.TryTest" time="0.001"/>
  <testcase name="sameFailureObjectShouldBeEqual" classname="org.anbonifacio.try_monad.TryTest" time="0"/>
  <testcase name="isSuccessOnSuccessShouldBeTrue" classname="org.anbonifacio.try_monad.TryTest" time="0"/>
  <testcase name="recoverWithOnFailureShouldReturnFailureIfRecoveryFails" classname="org.anbonifacio.try_monad.TryTest" time="0.001"/>
  <testcase name="shouldExecuteAndFinallyOnFailure" classname="org.anbonifacio.try_monad.TryTest" time="0.001"/>
  <testcase name="recoverOnSuccessShouldShouldJustReturnSuccess" classname="org.anbonifacio.try_monad.TryTest" time="0"/>
  <testcase name="shouldExecuteAndFinallyTryOnFailureWithFailure" classname="org.anbonifacio.try_monad.TryTest" time="0"/>
  <testcase name="getCauseOnSuccessShouldReturnNoSuchElementException" classname="org.anbonifacio.try_monad.TryTest" time="0"/>
  <testcase name="shouldThrowNewExceptionWhenOrElseThrowOnFailure" classname="org.anbonifacio.try_monad.TryTest" time="0"/>
  <testcase name="mapOnSuccessShouldReturnSuccessForSubTypes" classname="org.anbonifacio.try_monad.TryTest" time="0.006"/>
  <testcase name="shouldReturnValueIfSuccess" classname="org.anbonifacio.try_monad.TryTest" time="0"/>
  <testcase name="mapOnSuccessShouldReturnAFailureIfTheMappingFunctionFails" classname="org.anbonifacio.try_monad.TryTest" time="0"/>
  <testcase name="mapOnFailureShouldJustReturnTheFailure" classname="org.anbonifacio.try_monad.TryTest" time="0"/>
  <testcase name="getFailureOnSuccessShouldReturnEmptyOptional" classname="org.anbonifacio.try_monad.TryTest" time="0"/>
  <testcase name="shouldCreateSuccessWhenCallingTryOfCallable" classname="org.anbonifacio.try_monad.TryTest" time="0.002"/>
  <testcase name="OrElseOnOnFailureShouldReturnExpressionResultOfTheGivenTry" classname="org.anbonifacio.try_monad.TryTest" time="0.001"/>
  <testcase name="differentFailuresShouldNotBeEqual" classname="org.anbonifacio.try_monad.TryTest" time="0"/>
  <testcase name="toOptionalOnSuccessShouldHaveNonEmptyValue" classname="org.anbonifacio.try_monad.TryTest" time="0.002"/>
  <testcase name="shouldReturnSelfOnOrElseSupplierIfSuccess" classname="org.anbonifacio.try_monad.TryTest" time="0"/>
  <testcase name="shouldThrowNullPointerExceptionWhenCallingTryRunCheckedRunnable" classname="org.anbonifacio.try_monad.TryTest" time="0.001"/>
  <testcase name="shouldReturnCompletedStageOnSuccess" classname="org.anbonifacio.try_monad.TryTest" time="0"/>
  <testcase name="filterOnSuccessShouldReturnFailureIfPredicateIsNotSatisfied" classname="org.anbonifacio.try_monad.TryTest" time="0"/>
  <testcase name="OrElseOnOnSuccessShouldReturnExpressionResult" classname="org.anbonifacio.try_monad.TryTest" time="0"/>
  <testcase name="getOnFailureShouldThrowRuntimeException" classname="org.anbonifacio.try_monad.TryTest" time="0.001"/>
  <testcase name="flatMapOnSuccessShouldApplyTheGivenFunctionThatSucceeds" classname="org.anbonifacio.try_monad.TryTest" time="0.002"/>
  <testcase name="toOptionalOnFailureShouldReturnEmpty" classname="org.anbonifacio.try_monad.TryTest" time="0.001"/>
  <testcase name="flatMapOnFailureShouldJustReturnTheFailure" classname="org.anbonifacio.try_monad.TryTest" time="0.001"/>
</testsuite>